execve("./part1.x", ["./part1.x"], [/* 23 vars */]) = 0
brk(NULL)                               = 0x2498000
access("/etc/ld.so.nohwcap", F_OK)      = -1 ENOENT (No such file or directory)
access("/etc/ld.so.preload", R_OK)      = -1 ENOENT (No such file or directory)
open("/etc/ld.so.cache", O_RDONLY|O_CLOEXEC) = 3
fstat(3, {st_mode=S_IFREG|0644, st_size=88205, ...}) = 0
mmap(NULL, 88205, PROT_READ, MAP_PRIVATE, 3, 0) = 0x7fcfc2627000
close(3)                                = 0
access("/etc/ld.so.nohwcap", F_OK)      = -1 ENOENT (No such file or directory)
open("/lib/x86_64-linux-gnu/libc.so.6", O_RDONLY|O_CLOEXEC) = 3
read(3, "\177ELF\2\1\1\3\0\0\0\0\0\0\0\0\3\0>\0\1\0\0\0P\t\2\0\0\0\0\0"..., 832) = 832
fstat(3, {st_mode=S_IFREG|0755, st_size=1868984, ...}) = 0
mmap(NULL, 4096, PROT_READ|PROT_WRITE, MAP_PRIVATE|MAP_ANONYMOUS, -1, 0) = 0x7fcfc2626000
mmap(NULL, 3971488, PROT_READ|PROT_EXEC, MAP_PRIVATE|MAP_DENYWRITE, 3, 0) = 0x7fcfc204e000
mprotect(0x7fcfc220e000, 2097152, PROT_NONE) = 0
mmap(0x7fcfc240e000, 24576, PROT_READ|PROT_WRITE, MAP_PRIVATE|MAP_FIXED|MAP_DENYWRITE, 3, 0x1c0000) = 0x7fcfc240e000
mmap(0x7fcfc2414000, 14752, PROT_READ|PROT_WRITE, MAP_PRIVATE|MAP_FIXED|MAP_ANONYMOUS, -1, 0) = 0x7fcfc2414000
close(3)                                = 0
mmap(NULL, 4096, PROT_READ|PROT_WRITE, MAP_PRIVATE|MAP_ANONYMOUS, -1, 0) = 0x7fcfc2625000
mmap(NULL, 4096, PROT_READ|PROT_WRITE, MAP_PRIVATE|MAP_ANONYMOUS, -1, 0) = 0x7fcfc2624000
arch_prctl(ARCH_SET_FS, 0x7fcfc2625700) = 0
mprotect(0x7fcfc240e000, 16384, PROT_READ) = 0
mprotect(0x600000, 4096, PROT_READ)     = 0
mprotect(0x7fcfc263d000, 4096, PROT_READ) = 0
munmap(0x7fcfc2627000, 88205)           = 0
nanosleep({1, 0}, 0x7ffd83763520)       = 0
nanosleep({1, 0}, 0x7ffd83763520)       = 0
nanosleep({1, 0}, 0x7ffd83763520)       = 0
nanosleep({1, 0}, 0x7ffd83763520)       = 0
open("part1.o", O_WRONLY|O_CREAT, 0666) = 3
clone(child_stack=0, flags=CLONE_CHILD_CLEARTID|CLONE_CHILD_SETTID|SIGCHLD, child_tidptr=0x7fcfc26259d0) = 5872
wait4(5872, NULL, 0, NULL)              = 5872
--- SIGCHLD {si_signo=SIGCHLD, si_code=CLD_EXITED, si_pid=5872, si_uid=1000, si_status=0, si_utime=0, si_stime=0} ---
exit_group(0)                           = ?
+++ exited with 0 +++
